Unity Editor version:    2020.3.20f1 (41c4e627c95f)
Branch:                  2020.3/staging
Build type:              Release
Batch mode:              YES
macOS version:           Version 11.6 (Build 20G165)
Darwin version:          20.6.0
Architecture:            x86_64
Running under Rosetta:   NO
Available memory:        8192 MB
Using pre-set license
Pro License: NO

COMMAND LINE ARGUMENTS:
/Applications/Unity/Hub/Editor/2020.3.20f1/Unity.app/Contents/MacOS/Unity
-adb2
-batchMode
-noUpm
-name
AssetImportWorker0
-projectPath
/Users/karandesai/Documents/AUBPT/AUBPTrepo/AUBPT App Project
-logFile
Logs/AssetImportWorker0.log
-srvPort
64260
Successfully changed project path to: /Users/karandesai/Documents/AUBPT/AUBPTrepo/AUBPT App Project
/Users/karandesai/Documents/AUBPT/AUBPTrepo/AUBPT App Project
Using Asset Import Pipeline V2.
Refreshing native plugins compatible for Editor in 220.46 ms, found 3 plugins.
Preloading 0 native plugins for Editor in 0.00 ms.
Initialize engine version: 2020.3.20f1 (41c4e627c95f)
[Subsystems] Discovering subsystems at path /Applications/Unity/Hub/Editor/2020.3.20f1/Unity.app/Contents/Resources/UnitySubsystems
[Subsystems] Discovering subsystems at path /Users/karandesai/Documents/AUBPT/AUBPTrepo/AUBPT App Project/Assets
GfxDevice: creating device client; threaded=0
2021-10-31 19:37:42.198 Unity[54893:7985695] Color LCD preferred device: Intel(R) Iris(TM) Graphics 6000 (low power)
2021-10-31 19:37:42.198 Unity[54893:7985695] Metal devices available: 1
2021-10-31 19:37:42.198 Unity[54893:7985695] 0: Intel(R) Iris(TM) Graphics 6000 (low power)
2021-10-31 19:37:42.199 Unity[54893:7985695] Using device Intel(R) Iris(TM) Graphics 6000 (low power)
Initializing Metal device caps: Intel(R) Iris(TM) Graphics 6000
Initialize mono
Mono path[0] = '/Applications/Unity/Hub/Editor/2020.3.20f1/Unity.app/Contents/Managed'
Mono path[1] = '/Applications/Unity/Hub/Editor/2020.3.20f1/Unity.app/Contents/MonoBleedingEdge/lib/mono/unityjit'
Mono config path = '/Applications/Unity/Hub/Editor/2020.3.20f1/Unity.app/Contents/MonoBleedingEdge/etc'
Using monoOptions --debugger-agent=transport=dt_socket,embedding=1,server=y,suspend=n,address=127.0.0.1:56893
Begin MonoManager ReloadAssembly
Registering precompiled unity dll's ...
Register platform support module: /Applications/Unity/Hub/Editor/2020.3.20f1/Unity.app/Contents/PlaybackEngines/MacStandaloneSupport/UnityEditor.OSXStandalone.Extensions.dll
Registered in 0.003484 seconds.
Native extension for OSXStandalone target not found
Refreshing native plugins compatible for Editor in 72.02 ms, found 3 plugins.
Preloading 0 native plugins for Editor in 0.00 ms.
Mono: successfully reloaded assembly
- Completed reload, in  5.532 seconds
Domain Reload Profiling:
	ReloadAssembly (5534ms)
		BeginReloadAssembly (296ms)
			ExecutionOrderSort (0ms)
			DisableScriptedObjects (0ms)
			BackupInstance (0ms)
			ReleaseScriptingObjects (0ms)
			CreateAndSetChildDomain (3ms)
		EndReloadAssembly (1093ms)
			LoadAssemblies (295ms)
			RebuildTransferFunctionScriptingTraits (5ms)
			SetupTypeCache (448ms)
			ReleaseScriptCaches (0ms)
			RebuildScriptCaches (73ms)
			SetupLoadedEditorAssemblies (436ms)
				LogAssemblyErrors (0ms)
				InitializePlatformSupportModulesInManaged (15ms)
				SetLoadedEditorAssemblies (0ms)
				RefreshPlugins (72ms)
				BeforeProcessingInitializeOnLoad (26ms)
				ProcessInitializeOnLoadAttributes (254ms)
				ProcessInitializeOnLoadMethodAttributes (67ms)
				AfterProcessingInitializeOnLoad (0ms)
				EditorAssembliesLoaded (1ms)
			ExecutionOrderSort2 (0ms)
			AwakeInstancesAfterBackupRestoration (0ms)
Platform modules already initialized, skipping
Registering precompiled user dll's ...
Registered in 0.012793 seconds.
Begin MonoManager ReloadAssembly
Native extension for OSXStandalone target not found
Refreshing native plugins compatible for Editor in 60.79 ms, found 3 plugins.
Preloading 0 native plugins for Editor in 0.00 ms.
Mono: successfully reloaded assembly
- Completed reload, in  2.350 seconds
Domain Reload Profiling:
	ReloadAssembly (2355ms)
		BeginReloadAssembly (303ms)
			ExecutionOrderSort (0ms)
			DisableScriptedObjects (9ms)
			BackupInstance (0ms)
			ReleaseScriptingObjects (0ms)
			CreateAndSetChildDomain (57ms)
		EndReloadAssembly (1917ms)
			LoadAssemblies (256ms)
			RebuildTransferFunctionScriptingTraits (0ms)
			SetupTypeCache (757ms)
			ReleaseScriptCaches (1ms)
			RebuildScriptCaches (127ms)
			SetupLoadedEditorAssemblies (557ms)
				LogAssemblyErrors (0ms)
				InitializePlatformSupportModulesInManaged (6ms)
				SetLoadedEditorAssemblies (0ms)
				RefreshPlugins (61ms)
				BeforeProcessingInitializeOnLoad (96ms)
				ProcessInitializeOnLoadAttributes (369ms)
				ProcessInitializeOnLoadMethodAttributes (24ms)
				AfterProcessingInitializeOnLoad (2ms)
				EditorAssembliesLoaded (0ms)
			ExecutionOrderSort2 (0ms)
			AwakeInstancesAfterBackupRestoration (10ms)
Platform modules already initialized, skipping
Validating Project structure ... 0.004373 seconds.
Shader import version has changed; will reimport all shaders...
Upgrading shader files ...0.002630 seconds.
Application.AssetDatabase Initial Script Refresh Start
RefreshInfo: InitialScriptRefreshV2(NoUpdateAssetOptions) scanfilter:  ... 1 filters
RefreshProfiler: Total: 0.000ms
Application.AssetDatabase Initial Script Refresh End
Application.AssetDatabase.Refresh Start
Application.AssetDatabase.Refresh End
RefreshInfo: StopAssetImportingV2(ForceSynchronousImport) scanfilter: 
RefreshProfiler: Total: 0.000ms
Launching external process: /Applications/Unity/Hub/Editor/2020.3.20f1/Unity.app/Contents/Tools/UnityShaderCompiler
Launched and connected shader compiler UnityShaderCompiler after 0.03 seconds
Initializing Unity extensions:
========================================================================
Worker process is ready to serve import requests
Refreshing native plugins compatible for Editor in 0.83 ms, found 3 plugins.
Preloading 0 native plugins for Editor in 0.00 ms.
Unloading 2199 Unused Serialized files (Serialized files now loaded: 0)
System memory in use before: 197.7 MB.
System memory in use after: 197.0 MB.

Unloading 117 unused Assets to reduce memory usage. Loaded Objects now: 2665.
Total: 4.728791 ms (FindLiveObjects: 0.284234 ms CreateObjectMapping: 0.097144 ms MarkObjects: 3.685945 ms  DeleteObjects: 0.660005 ms)

AssetImportParameters requested are different than current active one (requested -> active):
  custom:video-decoder-ogg-theora: a1e56fd34408186e4bbccfd4996cb3dc -> 
  custom:container-muxer-webm: aa71ff27fc2769a1b78a27578f13a17b -> 
  custom:container-demuxer-webm: 4f35f7cbe854078d1ac9338744f61a02 -> 
  custom:container-demuxer-ogg: 62fdf1f143b41e24485cea50d1cbac27 -> 
  custom:video-encoder-webm-vp8: eb34c28f22e8b96e1ab97ce403110664 -> 
  custom:framework-osx-AVFoundation: e770b220cccbd017edd2c1fefb359320 -> 
  custom:video-decoder-webm-vp8: 9c59270c3fd7afecdb556c50c9e8de78 -> 
  custom:audio-decoder-ogg-vorbis: bf7c407c2cedff20999df2af8eb42d56 -> 
  custom:audio-encoder-webm-vorbis: bf7c407c2cedff20999df2af8eb42d56 -> 
========================================================================
Received Import Request.
  path: Assets/Materials
  artifactKey: Guid(f9613b76dccdb4b13af37806958ad729) Importer(815301076,1909f56bfc062723c751e8b465ee728b)
Start importing Assets/Materials using Guid(f9613b76dccdb4b13af37806958ad729) Importer(815301076,1909f56bfc062723c751e8b465ee728b)  -> (artifact id: 'ebdf6fe499d215a91f48ae496a339052') in 0.016321 seconds 
  Import took 0.024494 seconds .

========================================================================
Received Import Request.
  Time since last request: 137.190967 seconds.
  path: Assets/Scenes/Task3.unity
  artifactKey: Guid(e38d26c8f1d574b98927803f7d054c2e) Importer(815301076,1909f56bfc062723c751e8b465ee728b)
Start importing Assets/Scenes/Task3.unity using Guid(e38d26c8f1d574b98927803f7d054c2e) Importer(815301076,1909f56bfc062723c751e8b465ee728b)  -> (artifact id: '8e36ca80dd0bd5f08c45bf4b41b9e5e2') in 0.025615 seconds 
  Import took 0.033856 seconds .

========================================================================
Received Import Request.
  Time since last request: 13.075974 seconds.
  path: Assets/Scenes/StopSignal.unity
  artifactKey: Guid(e38d26c8f1d574b98927803f7d054c2e) Importer(815301076,1909f56bfc062723c751e8b465ee728b)
Start importing Assets/Scenes/StopSignal.unity using Guid(e38d26c8f1d574b98927803f7d054c2e) Importer(815301076,1909f56bfc062723c751e8b465ee728b)  -> (artifact id: 'ec08688a6499e2ea1d4f63c60d33154a') in 0.003649 seconds 
  Import took 0.013202 seconds .

========================================================================
Received Import Request.
  Time since last request: 799.474745 seconds.
  path: Assets/Images/illustrated-icon-isolated-on-background-260nw-596005067.jpeg
  artifactKey: Guid(1512158ccf92e443fb90c0a037cb2bc3) Importer(815301076,1909f56bfc062723c751e8b465ee728b)
Start importing Assets/Images/illustrated-icon-isolated-on-background-260nw-596005067.jpeg using Guid(1512158ccf92e443fb90c0a037cb2bc3) Importer(815301076,1909f56bfc062723c751e8b465ee728b)  -> (artifact id: '59ec5e8d6b23e470f156fb3fbefc20a5') in 2.577366 seconds 
  Import took 2.952211 seconds .

========================================================================
Received Import Request.
  Time since last request: 961.817799 seconds.
  path: Assets/Images/c9fb1a1354257d4d8868c5cae94f795e.png
  artifactKey: Guid(6d9423a3cda0241c8a5c8a728f92c708) Importer(815301076,1909f56bfc062723c751e8b465ee728b)
Start importing Assets/Images/c9fb1a1354257d4d8868c5cae94f795e.png using Guid(6d9423a3cda0241c8a5c8a728f92c708) Importer(815301076,1909f56bfc062723c751e8b465ee728b)  -> (artifact id: '938d707d4a441884ff5a364d52894b9d') in 2.175323 seconds 
  Import took 2.260517 seconds .

========================================================================
Received Import Request.
  Time since last request: 535.286602 seconds.
  path: Assets/Images/c9fb1a1354257d4d8868c5cae94f795e.png
  artifactKey: Guid(6d9423a3cda0241c8a5c8a728f92c708) Importer(815301076,1909f56bfc062723c751e8b465ee728b)
Start importing Assets/Images/c9fb1a1354257d4d8868c5cae94f795e.png using Guid(6d9423a3cda0241c8a5c8a728f92c708) Importer(815301076,1909f56bfc062723c751e8b465ee728b)  -> (artifact id: 'e5126046a473963b13c47b14850b41b8') in 0.248653 seconds 
  Import took 0.319964 seconds .

========================================================================
Received Import Request.
  Time since last request: 141.283506 seconds.
  path: Assets/Images/background-perfect-cut-green-grass-vertical-51006474.jpeg
  artifactKey: Guid(61dca70642d70444daa40ab57a60f022) Importer(815301076,1909f56bfc062723c751e8b465ee728b)
Start importing Assets/Images/background-perfect-cut-green-grass-vertical-51006474.jpeg using Guid(61dca70642d70444daa40ab57a60f022) Importer(815301076,1909f56bfc062723c751e8b465ee728b)  -> (artifact id: '76e3025825fb5434bde61eaacb07a9f7') in 0.121104 seconds 
  Import took 0.133361 seconds .

========================================================================
Received Import Request.
  Time since last request: 186.343646 seconds.
  path: Assets/Images/download.png
  artifactKey: Guid(91d9111ecf6e34bb2874381eb21e0c9b) Importer(815301076,1909f56bfc062723c751e8b465ee728b)
Start importing Assets/Images/download.png using Guid(91d9111ecf6e34bb2874381eb21e0c9b) Importer(815301076,1909f56bfc062723c751e8b465ee728b)  -> (artifact id: 'f9307af6902707006665d6f8b706541f') in 0.135717 seconds 
  Import took 0.219758 seconds .

========================================================================
Received Import Request.
  Time since last request: 958.351823 seconds.
  path: Assets/Scenes/StopSignal.unity
  artifactKey: Guid(e38d26c8f1d574b98927803f7d054c2e) Importer(815301076,1909f56bfc062723c751e8b465ee728b)
Start importing Assets/Scenes/StopSignal.unity using Guid(e38d26c8f1d574b98927803f7d054c2e) Importer(815301076,1909f56bfc062723c751e8b465ee728b)  -> (artifact id: '005b2ba3da6f195e678c320d86a86a82') in 0.059903 seconds 
  Import took 0.157669 seconds .

========================================================================
Received Import Request.
  Time since last request: 104.614286 seconds.
  path: Assets/Scripts/TaskList.cs
  artifactKey: Guid(3fefcd507019a4c04a77a49c7f6366bc) Importer(815301076,1909f56bfc062723c751e8b465ee728b)
Start importing Assets/Scripts/TaskList.cs using Guid(3fefcd507019a4c04a77a49c7f6366bc) Importer(815301076,1909f56bfc062723c751e8b465ee728b)  -> (artifact id: '0ae9d5727b13ced1854b73277656b020') in 1.637707 seconds 
  Import took 1.647851 seconds .

========================================================================
Received Import Request.
  Time since last request: 37.008380 seconds.
  path: Assets/Scripts/StopSignalNavigation.cs
  artifactKey: Guid(0da8110210c87451ab595c4b3467b76e) Importer(815301076,1909f56bfc062723c751e8b465ee728b)
Start importing Assets/Scripts/StopSignalNavigation.cs using Guid(0da8110210c87451ab595c4b3467b76e) Importer(815301076,1909f56bfc062723c751e8b465ee728b)  -> (artifact id: '866380a15b66b253103b32a3e974d7a6') in 0.044824 seconds 
  Import took 0.074818 seconds .

========================================================================
Received Prepare
Registering precompiled user dll's ...
Registered in 0.002397 seconds.
Begin MonoManager ReloadAssembly
Native extension for OSXStandalone target not found
Refreshing native plugins compatible for Editor in 0.75 ms, found 3 plugins.
Preloading 0 native plugins for Editor in 0.00 ms.
Mono: successfully reloaded assembly
- Completed reload, in  3.212 seconds
Domain Reload Profiling:
	ReloadAssembly (3232ms)
		BeginReloadAssembly (1016ms)
			ExecutionOrderSort (0ms)
			DisableScriptedObjects (106ms)
			BackupInstance (0ms)
			ReleaseScriptingObjects (2ms)
			CreateAndSetChildDomain (617ms)
		EndReloadAssembly (2087ms)
			LoadAssemblies (186ms)
			RebuildTransferFunctionScriptingTraits (0ms)
			SetupTypeCache (791ms)
			ReleaseScriptCaches (1ms)
			RebuildScriptCaches (99ms)
			SetupLoadedEditorAssemblies (728ms)
				LogAssemblyErrors (0ms)
				InitializePlatformSupportModulesInManaged (14ms)
				SetLoadedEditorAssemblies (3ms)
				RefreshPlugins (1ms)
				BeforeProcessingInitializeOnLoad (237ms)
				ProcessInitializeOnLoadAttributes (463ms)
				ProcessInitializeOnLoadMethodAttributes (9ms)
				AfterProcessingInitializeOnLoad (2ms)
				EditorAssembliesLoaded (0ms)
			ExecutionOrderSort2 (0ms)
			AwakeInstancesAfterBackupRestoration (23ms)
Platform modules already initialized, skipping
Refreshing native plugins compatible for Editor in 1.08 ms, found 3 plugins.
Preloading 0 native plugins for Editor in 0.00 ms.
Unloading 2189 Unused Serialized files (Serialized files now loaded: 0)
System memory in use before: 208.5 MB.
System memory in use after: 208.6 MB.

Unloading 28 unused Assets to reduce memory usage. Loaded Objects now: 2683.
Total: 9.675300 ms (FindLiveObjects: 1.871326 ms CreateObjectMapping: 0.146023 ms MarkObjects: 7.579504 ms  DeleteObjects: 0.076200 ms)

AssetImportParameters requested are different than current active one (requested -> active):
  custom:video-decoder-ogg-theora: a1e56fd34408186e4bbccfd4996cb3dc -> 
  custom:container-muxer-webm: aa71ff27fc2769a1b78a27578f13a17b -> 
  custom:container-demuxer-webm: 4f35f7cbe854078d1ac9338744f61a02 -> 
  custom:container-demuxer-ogg: 62fdf1f143b41e24485cea50d1cbac27 -> 
  custom:video-encoder-webm-vp8: eb34c28f22e8b96e1ab97ce403110664 -> 
  custom:framework-osx-AVFoundation: e770b220cccbd017edd2c1fefb359320 -> 
  custom:video-decoder-webm-vp8: 9c59270c3fd7afecdb556c50c9e8de78 -> 
  custom:audio-decoder-ogg-vorbis: bf7c407c2cedff20999df2af8eb42d56 -> 
  custom:audio-encoder-webm-vorbis: bf7c407c2cedff20999df2af8eb42d56 -> 
========================================================================
Received Import Request.
  Time since last request: 114.037065 seconds.
  path: Assets/Scenes/StopSignal.unity
  artifactKey: Guid(e38d26c8f1d574b98927803f7d054c2e) Importer(815301076,1909f56bfc062723c751e8b465ee728b)
Start importing Assets/Scenes/StopSignal.unity using Guid(e38d26c8f1d574b98927803f7d054c2e) Importer(815301076,1909f56bfc062723c751e8b465ee728b)  -> (artifact id: '5ae91de816e922e19ac5eb935ffba3df') in 0.039372 seconds 
  Import took 0.050877 seconds .

========================================================================
Received Import Request.
  Time since last request: 250.004166 seconds.
  path: Assets/Scripts/StopSignalNavigation.cs
  artifactKey: Guid(0da8110210c87451ab595c4b3467b76e) Importer(815301076,1909f56bfc062723c751e8b465ee728b)
Start importing Assets/Scripts/StopSignalNavigation.cs using Guid(0da8110210c87451ab595c4b3467b76e) Importer(815301076,1909f56bfc062723c751e8b465ee728b)  -> (artifact id: 'b8462456a80a5da0ebfac8f97bc02b6b') in 0.182853 seconds 
  Import took 0.191432 seconds .

========================================================================
Received Prepare
Registering precompiled user dll's ...
Registered in 0.005211 seconds.
Begin MonoManager ReloadAssembly
Native extension for OSXStandalone target not found
Refreshing native plugins compatible for Editor in 0.63 ms, found 3 plugins.
Preloading 0 native plugins for Editor in 0.00 ms.
Mono: successfully reloaded assembly
- Completed reload, in  2.166 seconds
Domain Reload Profiling:
	ReloadAssembly (2166ms)
		BeginReloadAssembly (249ms)
			ExecutionOrderSort (0ms)
			DisableScriptedObjects (13ms)
			BackupInstance (0ms)
			ReleaseScriptingObjects (0ms)
			CreateAndSetChildDomain (148ms)
		EndReloadAssembly (1815ms)
			LoadAssemblies (121ms)
			RebuildTransferFunctionScriptingTraits (0ms)
			SetupTypeCache (618ms)
			ReleaseScriptCaches (2ms)
			RebuildScriptCaches (181ms)
			SetupLoadedEditorAssemblies (639ms)
				LogAssemblyErrors (0ms)
				InitializePlatformSupportModulesInManaged (9ms)
				SetLoadedEditorAssemblies (1ms)
				RefreshPlugins (1ms)
				BeforeProcessingInitializeOnLoad (166ms)
				ProcessInitializeOnLoadAttributes (446ms)
				ProcessInitializeOnLoadMethodAttributes (12ms)
				AfterProcessingInitializeOnLoad (4ms)
				EditorAssembliesLoaded (0ms)
			ExecutionOrderSort2 (0ms)
			AwakeInstancesAfterBackupRestoration (27ms)
Platform modules already initialized, skipping
Refreshing native plugins compatible for Editor in 1.16 ms, found 3 plugins.
Preloading 0 native plugins for Editor in 0.00 ms.
Unloading 2189 Unused Serialized files (Serialized files now loaded: 0)
System memory in use before: 208.7 MB.
System memory in use after: 208.8 MB.

Unloading 27 unused Assets to reduce memory usage. Loaded Objects now: 2686.
Total: 5.306096 ms (FindLiveObjects: 0.552966 ms CreateObjectMapping: 0.246604 ms MarkObjects: 4.478338 ms  DeleteObjects: 0.026680 ms)

AssetImportParameters requested are different than current active one (requested -> active):
  custom:video-decoder-ogg-theora: a1e56fd34408186e4bbccfd4996cb3dc -> 
  custom:container-muxer-webm: aa71ff27fc2769a1b78a27578f13a17b -> 
  custom:container-demuxer-webm: 4f35f7cbe854078d1ac9338744f61a02 -> 
  custom:container-demuxer-ogg: 62fdf1f143b41e24485cea50d1cbac27 -> 
  custom:video-encoder-webm-vp8: eb34c28f22e8b96e1ab97ce403110664 -> 
  custom:framework-osx-AVFoundation: e770b220cccbd017edd2c1fefb359320 -> 
  custom:video-decoder-webm-vp8: 9c59270c3fd7afecdb556c50c9e8de78 -> 
  custom:audio-decoder-ogg-vorbis: bf7c407c2cedff20999df2af8eb42d56 -> 
  custom:audio-encoder-webm-vorbis: bf7c407c2cedff20999df2af8eb42d56 -> 
========================================================================
Received Import Request.
  Time since last request: 98.548920 seconds.
  path: Assets/Scripts/StopSignalNavigation.cs
  artifactKey: Guid(0da8110210c87451ab595c4b3467b76e) Importer(815301076,1909f56bfc062723c751e8b465ee728b)
Start importing Assets/Scripts/StopSignalNavigation.cs using Guid(0da8110210c87451ab595c4b3467b76e) Importer(815301076,1909f56bfc062723c751e8b465ee728b)  -> (artifact id: '6d2ea5b04e9911ce96fce1bc01712c87') in 0.009053 seconds 
  Import took 0.020660 seconds .

========================================================================
Received Prepare
Registering precompiled user dll's ...
Registered in 0.004623 seconds.
Begin MonoManager ReloadAssembly
Native extension for OSXStandalone target not found
Refreshing native plugins compatible for Editor in 1.51 ms, found 3 plugins.
Preloading 0 native plugins for Editor in 0.00 ms.
Mono: successfully reloaded assembly
- Completed reload, in  2.249 seconds
Domain Reload Profiling:
	ReloadAssembly (2250ms)
		BeginReloadAssembly (199ms)
			ExecutionOrderSort (0ms)
			DisableScriptedObjects (11ms)
			BackupInstance (0ms)
			ReleaseScriptingObjects (0ms)
			CreateAndSetChildDomain (108ms)
		EndReloadAssembly (1912ms)
			LoadAssemblies (134ms)
			RebuildTransferFunctionScriptingTraits (0ms)
			SetupTypeCache (753ms)
			ReleaseScriptCaches (1ms)
			RebuildScriptCaches (84ms)
			SetupLoadedEditorAssemblies (664ms)
				LogAssemblyErrors (0ms)
				InitializePlatformSupportModulesInManaged (9ms)
				SetLoadedEditorAssemblies (1ms)
				RefreshPlugins (2ms)
				BeforeProcessingInitializeOnLoad (180ms)
				ProcessInitializeOnLoadAttributes (461ms)
				ProcessInitializeOnLoadMethodAttributes (10ms)
				AfterProcessingInitializeOnLoad (2ms)
				EditorAssembliesLoaded (0ms)
			ExecutionOrderSort2 (0ms)
			AwakeInstancesAfterBackupRestoration (21ms)
Platform modules already initialized, skipping
Refreshing native plugins compatible for Editor in 0.84 ms, found 3 plugins.
Preloading 0 native plugins for Editor in 0.00 ms.
Unloading 2189 Unused Serialized files (Serialized files now loaded: 0)
System memory in use before: 208.9 MB.
System memory in use after: 209.0 MB.

Unloading 27 unused Assets to reduce memory usage. Loaded Objects now: 2689.
Total: 4.569464 ms (FindLiveObjects: 0.403629 ms CreateObjectMapping: 0.160222 ms MarkObjects: 3.976585 ms  DeleteObjects: 0.027623 ms)

AssetImportParameters requested are different than current active one (requested -> active):
  custom:video-decoder-ogg-theora: a1e56fd34408186e4bbccfd4996cb3dc -> 
  custom:container-muxer-webm: aa71ff27fc2769a1b78a27578f13a17b -> 
  custom:container-demuxer-webm: 4f35f7cbe854078d1ac9338744f61a02 -> 
  custom:container-demuxer-ogg: 62fdf1f143b41e24485cea50d1cbac27 -> 
  custom:video-encoder-webm-vp8: eb34c28f22e8b96e1ab97ce403110664 -> 
  custom:framework-osx-AVFoundation: e770b220cccbd017edd2c1fefb359320 -> 
  custom:video-decoder-webm-vp8: 9c59270c3fd7afecdb556c50c9e8de78 -> 
  custom:audio-decoder-ogg-vorbis: bf7c407c2cedff20999df2af8eb42d56 -> 
  custom:audio-encoder-webm-vorbis: bf7c407c2cedff20999df2af8eb42d56 -> 
========================================================================
Received Prepare
Registering precompiled user dll's ...
Registered in 0.005738 seconds.
Begin MonoManager ReloadAssembly
Native extension for OSXStandalone target not found
Refreshing native plugins compatible for Editor in 0.94 ms, found 3 plugins.
Preloading 0 native plugins for Editor in 0.00 ms.
Mono: successfully reloaded assembly
- Completed reload, in  2.278 seconds
Domain Reload Profiling:
	ReloadAssembly (2278ms)
		BeginReloadAssembly (178ms)
			ExecutionOrderSort (0ms)
			DisableScriptedObjects (10ms)
			BackupInstance (0ms)
			ReleaseScriptingObjects (0ms)
			CreateAndSetChildDomain (91ms)
		EndReloadAssembly (1982ms)
			LoadAssemblies (109ms)
			RebuildTransferFunctionScriptingTraits (0ms)
			SetupTypeCache (814ms)
			ReleaseScriptCaches (1ms)
			RebuildScriptCaches (107ms)
			SetupLoadedEditorAssemblies (622ms)
				LogAssemblyErrors (0ms)
				InitializePlatformSupportModulesInManaged (13ms)
				SetLoadedEditorAssemblies (2ms)
				RefreshPlugins (1ms)
				BeforeProcessingInitializeOnLoad (204ms)
				ProcessInitializeOnLoadAttributes (389ms)
				ProcessInitializeOnLoadMethodAttributes (10ms)
				AfterProcessingInitializeOnLoad (2ms)
				EditorAssembliesLoaded (0ms)
			ExecutionOrderSort2 (0ms)
			AwakeInstancesAfterBackupRestoration (24ms)
Platform modules already initialized, skipping
Refreshing native plugins compatible for Editor in 1.14 ms, found 3 plugins.
Preloading 0 native plugins for Editor in 0.00 ms.
Unloading 2189 Unused Serialized files (Serialized files now loaded: 0)
System memory in use before: 209.2 MB.
System memory in use after: 209.3 MB.

Unloading 27 unused Assets to reduce memory usage. Loaded Objects now: 2692.
Total: 4.478879 ms (FindLiveObjects: 0.376260 ms CreateObjectMapping: 0.114486 ms MarkObjects: 3.955424 ms  DeleteObjects: 0.031028 ms)

AssetImportParameters requested are different than current active one (requested -> active):
  custom:video-decoder-ogg-theora: a1e56fd34408186e4bbccfd4996cb3dc -> 
  custom:container-muxer-webm: aa71ff27fc2769a1b78a27578f13a17b -> 
  custom:container-demuxer-webm: 4f35f7cbe854078d1ac9338744f61a02 -> 
  custom:container-demuxer-ogg: 62fdf1f143b41e24485cea50d1cbac27 -> 
  custom:video-encoder-webm-vp8: eb34c28f22e8b96e1ab97ce403110664 -> 
  custom:framework-osx-AVFoundation: e770b220cccbd017edd2c1fefb359320 -> 
  custom:video-decoder-webm-vp8: 9c59270c3fd7afecdb556c50c9e8de78 -> 
  custom:audio-decoder-ogg-vorbis: bf7c407c2cedff20999df2af8eb42d56 -> 
  custom:audio-encoder-webm-vorbis: bf7c407c2cedff20999df2af8eb42d56 -> 
AssetImportWorkerClient::OnTransportError - code=2 error=End of file
