Unity Editor version:    2020.3.20f1 (41c4e627c95f)
Branch:                  2020.3/staging
Build type:              Release
Batch mode:              YES
macOS version:           Version 10.15.6 (Build 19G2021)
Darwin version:          19.6.0
Architecture:            x86_64
Running under Rosetta:   NO
Available memory:        8192 MB
Using pre-set license
Pro License: NO

COMMAND LINE ARGUMENTS:
/Applications/Unity/Hub/Editor/2020.3.20f1/Unity.app/Contents/MacOS/Unity
-adb2
-batchMode
-noUpm
-name
AssetImportWorker2
-projectPath
/Users/brendankelleher/Documents/GitHub/AUBPTrepo/AUBPT App Project
-logFile
Logs/AssetImportWorker2.log
-srvPort
52474
Successfully changed project path to: /Users/brendankelleher/Documents/GitHub/AUBPTrepo/AUBPT App Project
/Users/brendankelleher/Documents/GitHub/AUBPTrepo/AUBPT App Project
Using Asset Import Pipeline V2.
Refreshing native plugins compatible for Editor in 743.12 ms, found 4 plugins.
Preloading 0 native plugins for Editor in 0.00 ms.
Initialize engine version: 2020.3.20f1 (41c4e627c95f)
[Subsystems] Discovering subsystems at path /Applications/Unity/Hub/Editor/2020.3.20f1/Unity.app/Contents/Resources/UnitySubsystems
[Subsystems] Discovering subsystems at path /Users/brendankelleher/Documents/GitHub/AUBPTrepo/AUBPT App Project/Assets
GfxDevice: creating device client; threaded=0
2022-05-17 15:32:37.359 Unity[84732:3486666] Color LCD preferred device: Intel(R) UHD Graphics 617 (low power)
2022-05-17 15:32:37.359 Unity[84732:3486666] Metal devices available: 1
2022-05-17 15:32:37.359 Unity[84732:3486666] 0: Intel(R) UHD Graphics 617 (low power)
2022-05-17 15:32:37.359 Unity[84732:3486666] Using device Intel(R) UHD Graphics 617 (low power)
Initializing Metal device caps: Intel(R) UHD Graphics 617
Initialize mono
Mono path[0] = '/Applications/Unity/Hub/Editor/2020.3.20f1/Unity.app/Contents/Managed'
Mono path[1] = '/Applications/Unity/Hub/Editor/2020.3.20f1/Unity.app/Contents/MonoBleedingEdge/lib/mono/unityjit'
Mono config path = '/Applications/Unity/Hub/Editor/2020.3.20f1/Unity.app/Contents/MonoBleedingEdge/etc'
Using monoOptions --debugger-agent=transport=dt_socket,embedding=1,server=y,suspend=n,address=127.0.0.1:56732
Begin MonoManager ReloadAssembly
Registering precompiled unity dll's ...
Register platform support module: /Applications/Unity/Hub/Editor/2020.3.20f1/Unity.app/Contents/PlaybackEngines/MacStandaloneSupport/UnityEditor.OSXStandalone.Extensions.dll
Registered in 0.003628 seconds.
Native extension for OSXStandalone target not found
Refreshing native plugins compatible for Editor in 206.96 ms, found 4 plugins.
Preloading 0 native plugins for Editor in 0.00 ms.
Mono: successfully reloaded assembly
- Completed reload, in  7.319 seconds
Domain Reload Profiling:
	ReloadAssembly (7320ms)
		BeginReloadAssembly (206ms)
			ExecutionOrderSort (0ms)
			DisableScriptedObjects (0ms)
			BackupInstance (0ms)
			ReleaseScriptingObjects (0ms)
			CreateAndSetChildDomain (4ms)
		EndReloadAssembly (2133ms)
			LoadAssemblies (204ms)
			RebuildTransferFunctionScriptingTraits (0ms)
			SetupTypeCache (765ms)
			ReleaseScriptCaches (0ms)
			RebuildScriptCaches (178ms)
			SetupLoadedEditorAssemblies (942ms)
				LogAssemblyErrors (0ms)
				InitializePlatformSupportModulesInManaged (15ms)
				SetLoadedEditorAssemblies (1ms)
				RefreshPlugins (207ms)
				BeforeProcessingInitializeOnLoad (51ms)
				ProcessInitializeOnLoadAttributes (510ms)
				ProcessInitializeOnLoadMethodAttributes (158ms)
				AfterProcessingInitializeOnLoad (0ms)
				EditorAssembliesLoaded (1ms)
			ExecutionOrderSort2 (0ms)
			AwakeInstancesAfterBackupRestoration (0ms)
Platform modules already initialized, skipping
Registering precompiled user dll's ...
Registered in 0.046666 seconds.
Begin MonoManager ReloadAssembly
Native extension for OSXStandalone target not found
Refreshing native plugins compatible for Editor in 571.97 ms, found 4 plugins.
Preloading 0 native plugins for Editor in 0.00 ms.
Mono: successfully reloaded assembly
- Completed reload, in  9.597 seconds
Domain Reload Profiling:
	ReloadAssembly (9602ms)
		BeginReloadAssembly (847ms)
			ExecutionOrderSort (0ms)
			DisableScriptedObjects (57ms)
			BackupInstance (0ms)
			ReleaseScriptingObjects (0ms)
			CreateAndSetChildDomain (106ms)
		EndReloadAssembly (8439ms)
			LoadAssemblies (529ms)
			RebuildTransferFunctionScriptingTraits (0ms)
			SetupTypeCache (2411ms)
			ReleaseScriptCaches (1ms)
			RebuildScriptCaches (230ms)
			SetupLoadedEditorAssemblies (3391ms)
				LogAssemblyErrors (0ms)
				InitializePlatformSupportModulesInManaged (12ms)
				SetLoadedEditorAssemblies (1ms)
				RefreshPlugins (572ms)
				BeforeProcessingInitializeOnLoad (607ms)
				ProcessInitializeOnLoadAttributes (1918ms)
				ProcessInitializeOnLoadMethodAttributes (277ms)
				AfterProcessingInitializeOnLoad (3ms)
				EditorAssembliesLoaded (0ms)
			ExecutionOrderSort2 (0ms)
			AwakeInstancesAfterBackupRestoration (25ms)
Platform modules already initialized, skipping
Validating Project structure ... 0.011408 seconds.
Shader import version has changed; will reimport all shaders...
Upgrading shader files ...0.040719 seconds.
Application.AssetDatabase Initial Script Refresh Start
RefreshInfo: InitialScriptRefreshV2(NoUpdateAssetOptions) scanfilter:  ... 1 filters
RefreshProfiler: Total: 0.000ms
Application.AssetDatabase Initial Script Refresh End
Application.AssetDatabase.Refresh Start
Application.AssetDatabase.Refresh End
RefreshInfo: StopAssetImportingV2(ForceSynchronousImport) scanfilter: 
RefreshProfiler: Total: 0.000ms
Launching external process: /Applications/Unity/Hub/Editor/2020.3.20f1/Unity.app/Contents/Tools/UnityShaderCompiler
Launched and connected shader compiler UnityShaderCompiler after 0.03 seconds
Initializing Unity extensions:
The currently available disk space (233 MB) is lower than the suggested threshold of 256 MBs. We strongly suggest that you free up some space before resuming work in the Editor.
